<?xml version="1.0" encoding="UTF-8"?>
<testsuite xmlns:xsi="http://www.w3.org/2001/XMLSchema-instance" xsi:noNamespaceSchemaLocation="https://maven.apache.org/surefire/maven-surefire-plugin/xsd/surefire-test-report.xsd" version="3.0.2" name="com.duckyshine.app.AppTest" time="0.02" tests="1" errors="0" skipped="0" failures="0">
  <properties>
    <property name="java.specification.version" value="17"/>
    <property name="sun.jnu.encoding" value="UTF-8"/>
    <property name="java.class.path" value="/home/duckyshine04/Documents/work/projects/java-projects/voxel-engine-lighting/voxel-engine-lighting/target/test-classes:/home/duckyshine04/Documents/work/projects/java-projects/voxel-engine-lighting/voxel-engine-lighting/target/classes:/home/duckyshine04/.m2/repository/org/lwjgl/lwjgl/3.3.6/lwjgl-3.3.6.jar:/home/duckyshine04/.m2/repository/org/lwjgl/lwjgl-assimp/3.3.6/lwjgl-assimp-3.3.6.jar:/home/duckyshine04/.m2/repository/org/lwjgl/lwjgl-bgfx/3.3.6/lwjgl-bgfx-3.3.6.jar:/home/duckyshine04/.m2/repository/org/lwjgl/lwjgl-glfw/3.3.6/lwjgl-glfw-3.3.6.jar:/home/duckyshine04/.m2/repository/org/lwjgl/lwjgl-nanovg/3.3.6/lwjgl-nanovg-3.3.6.jar:/home/duckyshine04/.m2/repository/org/lwjgl/lwjgl-nuklear/3.3.6/lwjgl-nuklear-3.3.6.jar:/home/duckyshine04/.m2/repository/org/lwjgl/lwjgl-openal/3.3.6/lwjgl-openal-3.3.6.jar:/home/duckyshine04/.m2/repository/org/lwjgl/lwjgl-opengl/3.3.6/lwjgl-opengl-3.3.6.jar:/home/duckyshine04/.m2/repository/org/lwjgl/lwjgl-par/3.3.6/lwjgl-par-3.3.6.jar:/home/duckyshine04/.m2/repository/org/lwjgl/lwjgl-stb/3.3.6/lwjgl-stb-3.3.6.jar:/home/duckyshine04/.m2/repository/org/lwjgl/lwjgl-vulkan/3.3.6/lwjgl-vulkan-3.3.6.jar:/home/duckyshine04/.m2/repository/org/lwjgl/lwjgl/3.3.6/lwjgl-3.3.6-natives-linux.jar:/home/duckyshine04/.m2/repository/org/lwjgl/lwjgl-assimp/3.3.6/lwjgl-assimp-3.3.6-natives-linux.jar:/home/duckyshine04/.m2/repository/org/lwjgl/lwjgl-bgfx/3.3.6/lwjgl-bgfx-3.3.6-natives-linux.jar:/home/duckyshine04/.m2/repository/org/lwjgl/lwjgl-glfw/3.3.6/lwjgl-glfw-3.3.6-natives-linux.jar:/home/duckyshine04/.m2/repository/org/lwjgl/lwjgl-nanovg/3.3.6/lwjgl-nanovg-3.3.6-natives-linux.jar:/home/duckyshine04/.m2/repository/org/lwjgl/lwjgl-nuklear/3.3.6/lwjgl-nuklear-3.3.6-natives-linux.jar:/home/duckyshine04/.m2/repository/org/lwjgl/lwjgl-openal/3.3.6/lwjgl-openal-3.3.6-natives-linux.jar:/home/duckyshine04/.m2/repository/org/lwjgl/lwjgl-opengl/3.3.6/lwjgl-opengl-3.3.6-natives-linux.jar:/home/duckyshine04/.m2/repository/org/lwjgl/lwjgl-par/3.3.6/lwjgl-par-3.3.6-natives-linux.jar:/home/duckyshine04/.m2/repository/org/lwjgl/lwjgl-stb/3.3.6/lwjgl-stb-3.3.6-natives-linux.jar:/home/duckyshine04/.m2/repository/org/joml/joml/1.10.8/joml-1.10.8.jar:/home/duckyshine04/.m2/repository/org/junit/jupiter/junit-jupiter-engine/5.9.1/junit-jupiter-engine-5.9.1.jar:/home/duckyshine04/.m2/repository/org/junit/platform/junit-platform-engine/1.9.1/junit-platform-engine-1.9.1.jar:/home/duckyshine04/.m2/repository/org/opentest4j/opentest4j/1.2.0/opentest4j-1.2.0.jar:/home/duckyshine04/.m2/repository/org/junit/platform/junit-platform-commons/1.9.1/junit-platform-commons-1.9.1.jar:/home/duckyshine04/.m2/repository/org/junit/jupiter/junit-jupiter-api/5.9.1/junit-jupiter-api-5.9.1.jar:/home/duckyshine04/.m2/repository/org/apiguardian/apiguardian-api/1.1.2/apiguardian-api-1.1.2.jar:/home/duckyshine04/.m2/repository/io/github/spair/imgui-java-lwjgl3/1.87.5/imgui-java-lwjgl3-1.87.5.jar:/home/duckyshine04/.m2/repository/io/github/spair/imgui-java-binding/1.87.5/imgui-java-binding-1.87.5.jar:/home/duckyshine04/.m2/repository/commons-io/commons-io/2.18.0/commons-io-2.18.0.jar:/home/duckyshine04/.m2/repository/org/json/json/20250107/json-20250107.jar:"/>
    <property name="java.vm.vendor" value="Eclipse Adoptium"/>
    <property name="sun.arch.data.model" value="64"/>
    <property name="java.vendor.url" value="https://adoptium.net/"/>
    <property name="os.name" value="Linux"/>
    <property name="java.vm.specification.version" value="17"/>
    <property name="sun.java.launcher" value="SUN_STANDARD"/>
    <property name="sun.boot.library.path" value="/home/duckyshine04/.sdkman/candidates/java/17.0.13-tem/lib"/>
    <property name="sun.java.command" value="/home/duckyshine04/Documents/work/projects/java-projects/voxel-engine-lighting/voxel-engine-lighting/target/surefire/surefirebooter-20250315021139311_3.jar /home/duckyshine04/Documents/work/projects/java-projects/voxel-engine-lighting/voxel-engine-lighting/target/surefire 2025-03-15T02-11-39_262-jvmRun1 surefire-20250315021139311_1tmp surefire_0-20250315021139311_2tmp"/>
    <property name="jdk.debug" value="release"/>
    <property name="surefire.test.class.path" value="/home/duckyshine04/Documents/work/projects/java-projects/voxel-engine-lighting/voxel-engine-lighting/target/test-classes:/home/duckyshine04/Documents/work/projects/java-projects/voxel-engine-lighting/voxel-engine-lighting/target/classes:/home/duckyshine04/.m2/repository/org/lwjgl/lwjgl/3.3.6/lwjgl-3.3.6.jar:/home/duckyshine04/.m2/repository/org/lwjgl/lwjgl-assimp/3.3.6/lwjgl-assimp-3.3.6.jar:/home/duckyshine04/.m2/repository/org/lwjgl/lwjgl-bgfx/3.3.6/lwjgl-bgfx-3.3.6.jar:/home/duckyshine04/.m2/repository/org/lwjgl/lwjgl-glfw/3.3.6/lwjgl-glfw-3.3.6.jar:/home/duckyshine04/.m2/repository/org/lwjgl/lwjgl-nanovg/3.3.6/lwjgl-nanovg-3.3.6.jar:/home/duckyshine04/.m2/repository/org/lwjgl/lwjgl-nuklear/3.3.6/lwjgl-nuklear-3.3.6.jar:/home/duckyshine04/.m2/repository/org/lwjgl/lwjgl-openal/3.3.6/lwjgl-openal-3.3.6.jar:/home/duckyshine04/.m2/repository/org/lwjgl/lwjgl-opengl/3.3.6/lwjgl-opengl-3.3.6.jar:/home/duckyshine04/.m2/repository/org/lwjgl/lwjgl-par/3.3.6/lwjgl-par-3.3.6.jar:/home/duckyshine04/.m2/repository/org/lwjgl/lwjgl-stb/3.3.6/lwjgl-stb-3.3.6.jar:/home/duckyshine04/.m2/repository/org/lwjgl/lwjgl-vulkan/3.3.6/lwjgl-vulkan-3.3.6.jar:/home/duckyshine04/.m2/repository/org/lwjgl/lwjgl/3.3.6/lwjgl-3.3.6-natives-linux.jar:/home/duckyshine04/.m2/repository/org/lwjgl/lwjgl-assimp/3.3.6/lwjgl-assimp-3.3.6-natives-linux.jar:/home/duckyshine04/.m2/repository/org/lwjgl/lwjgl-bgfx/3.3.6/lwjgl-bgfx-3.3.6-natives-linux.jar:/home/duckyshine04/.m2/repository/org/lwjgl/lwjgl-glfw/3.3.6/lwjgl-glfw-3.3.6-natives-linux.jar:/home/duckyshine04/.m2/repository/org/lwjgl/lwjgl-nanovg/3.3.6/lwjgl-nanovg-3.3.6-natives-linux.jar:/home/duckyshine04/.m2/repository/org/lwjgl/lwjgl-nuklear/3.3.6/lwjgl-nuklear-3.3.6-natives-linux.jar:/home/duckyshine04/.m2/repository/org/lwjgl/lwjgl-openal/3.3.6/lwjgl-openal-3.3.6-natives-linux.jar:/home/duckyshine04/.m2/repository/org/lwjgl/lwjgl-opengl/3.3.6/lwjgl-opengl-3.3.6-natives-linux.jar:/home/duckyshine04/.m2/repository/org/lwjgl/lwjgl-par/3.3.6/lwjgl-par-3.3.6-natives-linux.jar:/home/duckyshine04/.m2/repository/org/lwjgl/lwjgl-stb/3.3.6/lwjgl-stb-3.3.6-natives-linux.jar:/home/duckyshine04/.m2/repository/org/joml/joml/1.10.8/joml-1.10.8.jar:/home/duckyshine04/.m2/repository/org/junit/jupiter/junit-jupiter-engine/5.9.1/junit-jupiter-engine-5.9.1.jar:/home/duckyshine04/.m2/repository/org/junit/platform/junit-platform-engine/1.9.1/junit-platform-engine-1.9.1.jar:/home/duckyshine04/.m2/repository/org/opentest4j/opentest4j/1.2.0/opentest4j-1.2.0.jar:/home/duckyshine04/.m2/repository/org/junit/platform/junit-platform-commons/1.9.1/junit-platform-commons-1.9.1.jar:/home/duckyshine04/.m2/repository/org/junit/jupiter/junit-jupiter-api/5.9.1/junit-jupiter-api-5.9.1.jar:/home/duckyshine04/.m2/repository/org/apiguardian/apiguardian-api/1.1.2/apiguardian-api-1.1.2.jar:/home/duckyshine04/.m2/repository/io/github/spair/imgui-java-lwjgl3/1.87.5/imgui-java-lwjgl3-1.87.5.jar:/home/duckyshine04/.m2/repository/io/github/spair/imgui-java-binding/1.87.5/imgui-java-binding-1.87.5.jar:/home/duckyshine04/.m2/repository/commons-io/commons-io/2.18.0/commons-io-2.18.0.jar:/home/duckyshine04/.m2/repository/org/json/json/20250107/json-20250107.jar:"/>
    <property name="sun.cpu.endian" value="little"/>
    <property name="user.home" value="/home/duckyshine04"/>
    <property name="user.language" value="en"/>
    <property name="java.specification.vendor" value="Oracle Corporation"/>
    <property name="java.version.date" value="2024-10-15"/>
    <property name="java.home" value="/home/duckyshine04/.sdkman/candidates/java/17.0.13-tem"/>
    <property name="file.separator" value="/"/>
    <property name="basedir" value="/home/duckyshine04/Documents/work/projects/java-projects/voxel-engine-lighting/voxel-engine-lighting"/>
    <property name="java.vm.compressedOopsMode" value="Zero based"/>
    <property name="line.separator" value="&#10;"/>
    <property name="java.vm.specification.vendor" value="Oracle Corporation"/>
    <property name="java.specification.name" value="Java Platform API Specification"/>
    <property name="surefire.real.class.path" value="/home/duckyshine04/Documents/work/projects/java-projects/voxel-engine-lighting/voxel-engine-lighting/target/surefire/surefirebooter-20250315021139311_3.jar"/>
    <property name="sun.management.compiler" value="HotSpot 64-Bit Tiered Compilers"/>
    <property name="java.runtime.version" value="17.0.13+11"/>
    <property name="user.name" value="duckyshine04"/>
    <property name="path.separator" value=":"/>
    <property name="os.version" value="6.13.1-arch1-1"/>
    <property name="java.runtime.name" value="OpenJDK Runtime Environment"/>
    <property name="file.encoding" value="UTF-8"/>
    <property name="java.vm.name" value="OpenJDK 64-Bit Server VM"/>
    <property name="java.vendor.version" value="Temurin-17.0.13+11"/>
    <property name="localRepository" value="/home/duckyshine04/.m2/repository"/>
    <property name="java.vendor.url.bug" value="https://github.com/adoptium/adoptium-support/issues"/>
    <property name="java.io.tmpdir" value="/tmp"/>
    <property name="java.version" value="17.0.13"/>
    <property name="user.dir" value="/home/duckyshine04/Documents/work/projects/java-projects/voxel-engine-lighting/voxel-engine-lighting"/>
    <property name="os.arch" value="amd64"/>
    <property name="java.vm.specification.name" value="Java Virtual Machine Specification"/>
    <property name="native.encoding" value="UTF-8"/>
    <property name="java.library.path" value="/usr/java/packages/lib:/usr/lib64:/lib64:/lib:/usr/lib"/>
    <property name="java.vm.info" value="mixed mode, sharing"/>
    <property name="java.vendor" value="Eclipse Adoptium"/>
    <property name="java.vm.version" value="17.0.13+11"/>
    <property name="java.specification.maintenance.version" value="1"/>
    <property name="sun.io.unicode.encoding" value="UnicodeLittle"/>
    <property name="java.class.version" value="61.0"/>
  </properties>
  <testcase name="shouldAnswerWithTrue" classname="com.duckyshine.app.AppTest" time="0.011"/>
</testsuite>